1616962819421	geckodriver	INFO	Listening on 127.0.0.1:60152
1616962822465	mozrunner::runner	INFO	Running command: "C:\\Program Files\\Mozilla Firefox\\firefox.exe" "--marionette" "-foreground" "-no-remote" "-profile" "C:\\Users\\grady\\AppData\\Local\\Temp\\rust_mozprofileUaYrjm"
console.warn: SearchSettings: "get: No settings file exists, new profile?" (new Error("", "(unknown module)"))
1616962824378	Marionette	INFO	Listening on port 60160
1616962824491	Marionette	WARN	TLS certificate errors will be ignored for this session

###!!! [Child][RunMessage] Error: Channel closing: too late to send/recv, messages will be lost

1616962828607	Marionette	INFO	Stopped listening on port 60160
1616962842127	geckodriver	INFO	Listening on 127.0.0.1:60258
1616962845173	mozrunner::runner	INFO	Running command: "C:\\Program Files\\Mozilla Firefox\\firefox.exe" "--marionette" "-foreground" "-no-remote" "-profile" "C:\\Users\\grady\\AppData\\Local\\Temp\\rust_mozprofileu4WgkP"
console.warn: SearchSettings: "get: No settings file exists, new profile?" (new Error("", "(unknown module)"))
1616962847206	Marionette	INFO	Listening on port 60266
1616962847290	Marionette	WARN	TLS certificate errors will be ignored for this session
JavaScript error: https://static.queue-it.net/script/queueconfigloader.min.js, line 1: TypeError: window.queueClient is not a function
1616962873082	Marionette	INFO	Stopped listening on port 60266

###!!! [Child][RunMessage] Error: Channel closing: too late to send/recv, messages will be lost

1616963811164	geckodriver	INFO	Listening on 127.0.0.1:61061
1616963814209	mozrunner::runner	INFO	Running command: "C:\\Program Files\\Mozilla Firefox\\firefox.exe" "--marionette" "-foreground" "-no-remote" "-profile" "C:\\Users\\grady\\AppData\\Local\\Temp\\rust_mozprofilexe6qhU"
console.warn: SearchSettings: "get: No settings file exists, new profile?" (new Error("", "(unknown module)"))
1616963816342	Marionette	INFO	Listening on port 61069
1616963816831	Marionette	WARN	TLS certificate errors will be ignored for this session
JavaScript error: https://bestbuycanada.my.salesforce.com/embeddedservice/5.0/frame/broadcast.esw.min.js, line 3: TypeError: this.storage is undefined
JavaScript error: https://bestbuycanada.my.salesforce.com/embeddedservice/5.0/frame/broadcast.esw.min.js, line 3: TypeError: this.storage is undefined
1616964033502	geckodriver	INFO	Listening on 127.0.0.1:61497
1616964036544	mozrunner::runner	INFO	Running command: "C:\\Program Files\\Mozilla Firefox\\firefox.exe" "--marionette" "-foreground" "-no-remote" "-profile" "C:\\Users\\grady\\AppData\\Local\\Temp\\rust_mozprofileOpgfqm"
console.warn: SearchSettings: "get: No settings file exists, new profile?" (new Error("", "(unknown module)"))
1616964038665	Marionette	INFO	Listening on port 61505
1616964039159	Marionette	WARN	TLS certificate errors will be ignored for this session
JavaScript error: https://bestbuycanada.my.salesforce.com/embeddedservice/5.0/frame/broadcast.esw.min.js, line 3: TypeError: this.storage is undefined
JavaScript error: https://bestbuycanada.my.salesforce.com/embeddedservice/5.0/frame/broadcast.esw.min.js, line 3: TypeError: this.storage is undefined
